<?xml version="1.0" encoding="UTF-8"?>
<!-- Generated by org.testng.reporters.JUnitReportReporter -->
<testsuite hostname="LAPTOP-I1LONDHL" failures="0" tests="1" name="LoginAutomation" time="3.401" errors="0" timestamp="2022-10-01T09:38:49 IST" skipped="0">
  <testcase classname="LoginAutomation" name="login" time="3.401"/>
</testsuite> <!-- LoginAutomation -->
